This is pdfTeX, Version 3.141592653-2.6-1.40.22 (TeX Live 2021) (preloaded format=pdflatex 2022.3.19)  8 OCT 2024 21:16
entering extended mode
 restricted \write18 enabled.
 %&-line parsing enabled.
**Stochastic-Processes.tex
(./Stochastic-Processes.tex
LaTeX2e <2020-10-01> patch level 4
L3 programming layer <2021-02-18>
(/usr/local/texlive/2021/texmf-dist/tex/latex/base/article.cls
Document Class: article 2020/04/10 v1.4m Standard LaTeX document class
(/usr/local/texlive/2021/texmf-dist/tex/latex/base/size12.clo
File: size12.clo 2020/04/10 v1.4m Standard LaTeX file (size option)
)
\c@part=\count179
\c@section=\count180
\c@subsection=\count181
\c@subsubsection=\count182
\c@paragraph=\count183
\c@subparagraph=\count184
\c@figure=\count185
\c@table=\count186
\abovecaptionskip=\skip47
\belowcaptionskip=\skip48
\bibindent=\dimen138
)
(/usr/local/texlive/2021/texmf-dist/tex/latex/xcolor/xcolor.sty
Package: xcolor 2016/05/11 v2.12 LaTeX color extensions (UK)

(/usr/local/texlive/2021/texmf-dist/tex/latex/graphics-cfg/color.cfg
File: color.cfg 2016/01/02 v1.6 sample color configuration
)
Package xcolor Info: Driver file: pdftex.def on input line 225.

(/usr/local/texlive/2021/texmf-dist/tex/latex/graphics-def/pdftex.def
File: pdftex.def 2020/10/05 v1.2a Graphics/color driver for pdftex
)
Package xcolor Info: Model `cmy' substituted by `cmy0' on input line 1348.
Package xcolor Info: Model `hsb' substituted by `rgb' on input line 1352.
Package xcolor Info: Model `RGB' extended on input line 1364.
Package xcolor Info: Model `HTML' substituted by `rgb' on input line 1366.
Package xcolor Info: Model `Hsb' substituted by `hsb' on input line 1367.
Package xcolor Info: Model `tHsb' substituted by `hsb' on input line 1368.
Package xcolor Info: Model `HSB' substituted by `hsb' on input line 1369.
Package xcolor Info: Model `Gray' substituted by `gray' on input line 1370.
Package xcolor Info: Model `wave' substituted by `hsb' on input line 1371.

(/usr/local/texlive/2021/texmf-dist/tex/latex/graphics/dvipsnam.def
File: dvipsnam.def 2016/06/17 v3.0m Driver-dependent file (DPC,SPQR)
))
(/usr/local/texlive/2021/texmf-dist/tex/latex/amsmath/amsmath.sty
Package: amsmath 2020/09/23 v2.17i AMS math features
\@mathmargin=\skip49

For additional information on amsmath, use the `?' option.
(/usr/local/texlive/2021/texmf-dist/tex/latex/amsmath/amstext.sty
Package: amstext 2000/06/29 v2.01 AMS text

(/usr/local/texlive/2021/texmf-dist/tex/latex/amsmath/amsgen.sty
File: amsgen.sty 1999/11/30 v2.0 generic functions
\@emptytoks=\toks15
\ex@=\dimen139
))
(/usr/local/texlive/2021/texmf-dist/tex/latex/amsmath/amsbsy.sty
Package: amsbsy 1999/11/29 v1.2d Bold Symbols
\pmbraise@=\dimen140
)
(/usr/local/texlive/2021/texmf-dist/tex/latex/amsmath/amsopn.sty
Package: amsopn 2016/03/08 v2.02 operator names
)
\inf@bad=\count187
LaTeX Info: Redefining \frac on input line 234.
\uproot@=\count188
\leftroot@=\count189
LaTeX Info: Redefining \overline on input line 399.
\classnum@=\count190
\DOTSCASE@=\count191
LaTeX Info: Redefining \ldots on input line 496.
LaTeX Info: Redefining \dots on input line 499.
LaTeX Info: Redefining \cdots on input line 620.
\Mathstrutbox@=\box47
\strutbox@=\box48
\big@size=\dimen141
LaTeX Font Info:    Redeclaring font encoding OML on input line 743.
LaTeX Font Info:    Redeclaring font encoding OMS on input line 744.
\macc@depth=\count192
\c@MaxMatrixCols=\count193
\dotsspace@=\muskip16
\c@parentequation=\count194
\dspbrk@lvl=\count195
\tag@help=\toks16
\row@=\count196
\column@=\count197
\maxfields@=\count198
\andhelp@=\toks17
\eqnshift@=\dimen142
\alignsep@=\dimen143
\tagshift@=\dimen144
\tagwidth@=\dimen145
\totwidth@=\dimen146
\lineht@=\dimen147
\@envbody=\toks18
\multlinegap=\skip50
\multlinetaggap=\skip51
\mathdisplay@stack=\toks19
LaTeX Info: Redefining \[ on input line 2923.
LaTeX Info: Redefining \] on input line 2924.
)
(/usr/local/texlive/2021/texmf-dist/tex/latex/amscls/amsthm.sty
Package: amsthm 2020/05/29 v2.20.6
\thm@style=\toks20
\thm@bodyfont=\toks21
\thm@headfont=\toks22
\thm@notefont=\toks23
\thm@headpunct=\toks24
\thm@preskip=\skip52
\thm@postskip=\skip53
\thm@headsep=\skip54
\dth@everypar=\toks25
)
(/usr/local/texlive/2021/texmf-dist/tex/latex/amsfonts/amssymb.sty
Package: amssymb 2013/01/14 v3.01 AMS font symbols

(/usr/local/texlive/2021/texmf-dist/tex/latex/amsfonts/amsfonts.sty
Package: amsfonts 2013/01/14 v3.01 Basic AMSFonts support
\symAMSa=\mathgroup4
\symAMSb=\mathgroup5
LaTeX Font Info:    Redeclaring math symbol \hbar on input line 98.
LaTeX Font Info:    Overwriting math alphabet `\mathfrak' in version `bold'
(Font)                  U/euf/m/n --> U/euf/b/n on input line 106.
))
(/usr/local/texlive/2021/texmf-dist/tex/latex/mathtools/mathtools.sty
Package: mathtools 2021/03/18 v1.25 mathematical typesetting tools

(/usr/local/texlive/2021/texmf-dist/tex/latex/graphics/keyval.sty
Package: keyval 2014/10/28 v1.15 key=value parser (DPC)
\KV@toks@=\toks26
)
(/usr/local/texlive/2021/texmf-dist/tex/latex/tools/calc.sty
Package: calc 2017/05/25 v4.3 Infix arithmetic (KKT,FJ)
\calc@Acount=\count199
\calc@Bcount=\count266
\calc@Adimen=\dimen148
\calc@Bdimen=\dimen149
\calc@Askip=\skip55
\calc@Bskip=\skip56
LaTeX Info: Redefining \setlength on input line 80.
LaTeX Info: Redefining \addtolength on input line 81.
\calc@Ccount=\count267
\calc@Cskip=\skip57
)
(/usr/local/texlive/2021/texmf-dist/tex/latex/mathtools/mhsetup.sty
Package: mhsetup 2021/03/18 v1.4 programming setup (MH)
)
LaTeX Info: Thecontrolsequence`\('isalreadyrobust on input line 130.
LaTeX Info: Thecontrolsequence`\)'isalreadyrobust on input line 130.
LaTeX Info: Thecontrolsequence`\['isalreadyrobust on input line 130.
LaTeX Info: Thecontrolsequence`\]'isalreadyrobust on input line 130.
\g_MT_multlinerow_int=\count268
\l_MT_multwidth_dim=\dimen150
\origjot=\skip58
\l_MT_shortvdotswithinadjustabove_dim=\dimen151
\l_MT_shortvdotswithinadjustbelow_dim=\dimen152
\l_MT_above_intertext_sep=\dimen153
\l_MT_below_intertext_sep=\dimen154
\l_MT_above_shortintertext_sep=\dimen155
\l_MT_below_shortintertext_sep=\dimen156
\xmathstrut@box=\box49
\xmathstrut@dim=\dimen157
)
(/usr/local/texlive/2021/texmf-dist/tex/latex/doublestroke/dsfont.sty
Package: dsfont 1995/08/01 v0.1 Double stroke roman fonts
)
(/usr/local/texlive/2021/texmf-dist/tex/latex/units/units.sty
Package: units 1998/08/04 v0.9b Typesetting units

(/usr/local/texlive/2021/texmf-dist/tex/latex/base/ifthen.sty
Package: ifthen 2014/09/29 v1.1c Standard LaTeX ifthen package (DPC)
)
(/usr/local/texlive/2021/texmf-dist/tex/latex/units/nicefrac.sty
Package: nicefrac 1998/08/04 v0.9b Nice fractions
\L@UnitsRaiseDisplaystyle=\skip59
\L@UnitsRaiseTextstyle=\skip60
\L@UnitsRaiseScriptstyle=\skip61
))
(/usr/local/texlive/2021/texmf-dist/tex/latex/graphics/graphicx.sty
Package: graphicx 2020/09/09 v1.2b Enhanced LaTeX Graphics (DPC,SPQR)

(/usr/local/texlive/2021/texmf-dist/tex/latex/graphics/graphics.sty
Package: graphics 2020/08/30 v1.4c Standard LaTeX Graphics (DPC,SPQR)

(/usr/local/texlive/2021/texmf-dist/tex/latex/graphics/trig.sty
Package: trig 2016/01/03 v1.10 sin cos tan (DPC)
)
(/usr/local/texlive/2021/texmf-dist/tex/latex/graphics-cfg/graphics.cfg
File: graphics.cfg 2016/06/04 v1.11 sample graphics configuration
)
Package graphics Info: Driver file: pdftex.def on input line 105.
)
\Gin@req@height=\dimen158
\Gin@req@width=\dimen159
)
(/usr/local/texlive/2021/texmf-dist/tex/latex/wrapfig/wrapfig.sty
\wrapoverhang=\dimen160
\WF@size=\dimen161
\c@WF@wrappedlines=\count269
\WF@box=\box50
\WF@everypar=\toks27
Package: wrapfig 2003/01/31  v 3.6
)
(/usr/local/texlive/2021/texmf-dist/tex/latex/subfig/subfig.sty
Package: subfig 2005/06/28 ver: 1.3 subfig package

(/usr/local/texlive/2021/texmf-dist/tex/latex/caption/caption.sty
Package: caption 2020/10/26 v3.5g Customizing captions (AR)

(/usr/local/texlive/2021/texmf-dist/tex/latex/caption/caption3.sty
Package: caption3 2020/10/21 v2.2e caption3 kernel (AR)
\captionmargin=\dimen162
\captionmargin@=\dimen163
\captionwidth=\dimen164
\caption@tempdima=\dimen165
\caption@indent=\dimen166
\caption@parindent=\dimen167
\caption@hangindent=\dimen168
Package caption Info: Standard document class detected.
)
\c@caption@flags=\count270
\c@continuedfloat=\count271
Package caption Info: wrapfig package is loaded.
)
\c@KVtest=\count272
\sf@farskip=\skip62
\sf@captopadj=\dimen169
\sf@capskip=\skip63
\sf@nearskip=\skip64
\c@subfigure=\count273
\c@subfigure@save=\count274
\c@lofdepth=\count275
\c@subtable=\count276
\c@subtable@save=\count277
\c@lotdepth=\count278
\sf@top=\skip65
\sf@bottom=\skip66
)
(/usr/local/texlive/2021/texmf-dist/tex/latex/float/float.sty
Package: float 2001/11/08 v1.3d Float enhancements (AL)
\c@float@type=\count279
\float@exts=\toks28
\float@box=\box51
\@float@everytoks=\toks29
\@floatcapt=\box52
)
(/usr/local/texlive/2021/texmf-dist/tex/latex/listings/listings.sty
\lst@mode=\count280
\lst@gtempboxa=\box53
\lst@token=\toks30
\lst@length=\count281
\lst@currlwidth=\dimen170
\lst@column=\count282
\lst@pos=\count283
\lst@lostspace=\dimen171
\lst@width=\dimen172
\lst@newlines=\count284
\lst@lineno=\count285
\lst@maxwidth=\dimen173

(/usr/local/texlive/2021/texmf-dist/tex/latex/listings/lstmisc.sty
File: lstmisc.sty 2020/03/24 1.8d (Carsten Heinz)
\c@lstnumber=\count286
\lst@skipnumbers=\count287
\lst@framebox=\box54
)
(/usr/local/texlive/2021/texmf-dist/tex/latex/listings/listings.cfg
File: listings.cfg 2020/03/24 1.8d listings configuration
))
Package: listings 2020/03/24 1.8d (Carsten Heinz)

(/usr/local/texlive/2021/texmf-dist/tex/latex/inconsolata/inconsolata.sty
Package: inconsolata 2019/05/17 v1.12

`inconsolata-zi4' v1.12, 2019/05/17 Text macros for Inconsolata (msharpe)
(/usr/local/texlive/2021/texmf-dist/tex/latex/base/textcomp.sty
Package: textcomp 2020/02/02 v2.0n Standard LaTeX package
)
(/usr/local/texlive/2021/texmf-dist/tex/latex/xkeyval/xkeyval.sty
Package: xkeyval 2020/11/20 v2.8 package option processing (HA)

(/usr/local/texlive/2021/texmf-dist/tex/generic/xkeyval/xkeyval.tex
(/usr/local/texlive/2021/texmf-dist/tex/generic/xkeyval/xkvutils.tex
\XKV@toks=\toks31
\XKV@tempa@toks=\toks32
)
\XKV@depth=\count288
File: xkeyval.tex 2014/12/03 v2.7a key=value parser (HA)
))
\zifour@ocount=\count289
)
(/usr/local/texlive/2021/texmf-dist/tex/latex/pythonhighlight/pythonhighlight.s
ty
Package: pythonhighlight 2017/02/09 python code highlighting; provided by Olivi
er Verdier <olivier.verdier@gmail.com>
) (/usr/local/texlive/2021/texmf-dist/tex/latex/fancyhdr/fancyhdr.sty
Package: fancyhdr 2021/01/28 v4.0.1 Extensive control of page headers and foote
rs
\f@nch@headwidth=\skip67
\f@nch@O@elh=\skip68
\f@nch@O@erh=\skip69
\f@nch@O@olh=\skip70
\f@nch@O@orh=\skip71
\f@nch@O@elf=\skip72
\f@nch@O@erf=\skip73
\f@nch@O@olf=\skip74
\f@nch@O@orf=\skip75
)
(/usr/local/texlive/2021/texmf-dist/tex/latex/sectsty/sectsty.sty
Package: sectsty 2002/02/25 v2.0.2 Commands to change all sectional heading sty
les


LaTeX Warning: Command \underbar  has changed.
               Check if current package is valid.


LaTeX Warning: Command \underline  has changed.
               Check if current package is valid.

) (/usr/local/texlive/2021/texmf-dist/tex/latex/hyperref/hyperref.sty
Package: hyperref 2021-02-27 v7.00k Hypertext links for LaTeX

(/usr/local/texlive/2021/texmf-dist/tex/generic/ltxcmds/ltxcmds.sty
Package: ltxcmds 2020-05-10 v1.25 LaTeX kernel commands for general use (HO)
)
(/usr/local/texlive/2021/texmf-dist/tex/generic/iftex/iftex.sty
Package: iftex 2020/03/06 v1.0d TeX engine tests
)
(/usr/local/texlive/2021/texmf-dist/tex/generic/pdftexcmds/pdftexcmds.sty
Package: pdftexcmds 2020-06-27 v0.33 Utility functions of pdfTeX for LuaTeX (HO
)

(/usr/local/texlive/2021/texmf-dist/tex/generic/infwarerr/infwarerr.sty
Package: infwarerr 2019/12/03 v1.5 Providing info/warning/error messages (HO)
)
Package pdftexcmds Info: \pdf@primitive is available.
Package pdftexcmds Info: \pdf@ifprimitive is available.
Package pdftexcmds Info: \pdfdraftmode found.
)
(/usr/local/texlive/2021/texmf-dist/tex/generic/kvsetkeys/kvsetkeys.sty
Package: kvsetkeys 2019/12/15 v1.18 Key value parser (HO)
)
(/usr/local/texlive/2021/texmf-dist/tex/generic/kvdefinekeys/kvdefinekeys.sty
Package: kvdefinekeys 2019-12-19 v1.6 Define keys (HO)
)
(/usr/local/texlive/2021/texmf-dist/tex/generic/pdfescape/pdfescape.sty
Package: pdfescape 2019/12/09 v1.15 Implements pdfTeX's escape features (HO)
)
(/usr/local/texlive/2021/texmf-dist/tex/latex/hycolor/hycolor.sty
Package: hycolor 2020-01-27 v1.10 Color options for hyperref/bookmark (HO)
)
(/usr/local/texlive/2021/texmf-dist/tex/latex/letltxmacro/letltxmacro.sty
Package: letltxmacro 2019/12/03 v1.6 Let assignment for LaTeX macros (HO)
)
(/usr/local/texlive/2021/texmf-dist/tex/latex/auxhook/auxhook.sty
Package: auxhook 2019-12-17 v1.6 Hooks for auxiliary files (HO)
)
(/usr/local/texlive/2021/texmf-dist/tex/latex/kvoptions/kvoptions.sty
Package: kvoptions 2020-10-07 v3.14 Key value format for package options (HO)
)
\@linkdim=\dimen174
\Hy@linkcounter=\count290
\Hy@pagecounter=\count291

(/usr/local/texlive/2021/texmf-dist/tex/latex/hyperref/pd1enc.def
File: pd1enc.def 2021-02-27 v7.00k Hyperref: PDFDocEncoding definition (HO)
Now handling font encoding PD1 ...
... no UTF-8 mapping file for font encoding PD1
)
(/usr/local/texlive/2021/texmf-dist/tex/latex/hyperref/hyperref-langpatches.def
File: hyperref-langpatches.def 2021-02-27 v7.00k Hyperref: patches for babel la
nguages
) (/usr/local/texlive/2021/texmf-dist/tex/generic/intcalc/intcalc.sty
Package: intcalc 2019/12/15 v1.3 Expandable calculations with integers (HO)
)
(/usr/local/texlive/2021/texmf-dist/tex/generic/etexcmds/etexcmds.sty
Package: etexcmds 2019/12/15 v1.7 Avoid name clashes with e-TeX commands (HO)
)
\Hy@SavedSpaceFactor=\count292

(/usr/local/texlive/2021/texmf-dist/tex/latex/hyperref/puenc.def
File: puenc.def 2021-02-27 v7.00k Hyperref: PDF Unicode definition (HO)
Now handling font encoding PU ...
... no UTF-8 mapping file for font encoding PU
)
Package hyperref Info: Hyper figures OFF on input line 4192.
Package hyperref Info: Link nesting OFF on input line 4197.
Package hyperref Info: Hyper index ON on input line 4200.
Package hyperref Info: Plain pages OFF on input line 4207.
Package hyperref Info: Backreferencing OFF on input line 4212.
Package hyperref Info: Implicit mode ON; LaTeX internals redefined.
Package hyperref Info: Bookmarks ON on input line 4445.
\c@Hy@tempcnt=\count293

(/usr/local/texlive/2021/texmf-dist/tex/latex/url/url.sty
\Urlmuskip=\muskip17
Package: url 2013/09/16  ver 3.4  Verb mode for urls, etc.
)
LaTeX Info: Redefining \url on input line 4804.
\XeTeXLinkMargin=\dimen175

(/usr/local/texlive/2021/texmf-dist/tex/generic/bitset/bitset.sty
Package: bitset 2019/12/09 v1.3 Handle bit-vector datatype (HO)

(/usr/local/texlive/2021/texmf-dist/tex/generic/bigintcalc/bigintcalc.sty
Package: bigintcalc 2019/12/15 v1.5 Expandable calculations on big integers (HO
)
))
\Fld@menulength=\count294
\Field@Width=\dimen176
\Fld@charsize=\dimen177
Package hyperref Info: Hyper figures OFF on input line 6075.
Package hyperref Info: Link nesting OFF on input line 6080.
Package hyperref Info: Hyper index ON on input line 6083.
Package hyperref Info: backreferencing OFF on input line 6090.
Package hyperref Info: Link coloring OFF on input line 6095.
Package hyperref Info: Link coloring with OCG OFF on input line 6100.
Package hyperref Info: PDF/A mode OFF on input line 6105.
LaTeX Info: Redefining \ref on input line 6145.
LaTeX Info: Redefining \pageref on input line 6149.

(/usr/local/texlive/2021/texmf-dist/tex/latex/base/atbegshi-ltx.sty
Package: atbegshi-ltx 2020/08/17 v1.0a Emulation of the original atbegshi packa
ge
with kernel methods
)
\Hy@abspage=\count295
\c@Item=\count296
\c@Hfootnote=\count297
)
Package hyperref Info: Driver (autodetected): hpdftex.

(/usr/local/texlive/2021/texmf-dist/tex/latex/hyperref/hpdftex.def
File: hpdftex.def 2021-02-27 v7.00k Hyperref driver for pdfTeX

(/usr/local/texlive/2021/texmf-dist/tex/latex/base/atveryend-ltx.sty
Package: atveryend-ltx 2020/08/19 v1.0a Emulation of the original atvery packag
e
with kernel methods
)
\Fld@listcount=\count298
\c@bookmark@seq@number=\count299

(/usr/local/texlive/2021/texmf-dist/tex/latex/rerunfilecheck/rerunfilecheck.sty
Package: rerunfilecheck 2019/12/05 v1.9 Rerun checks for auxiliary files (HO)

(/usr/local/texlive/2021/texmf-dist/tex/generic/uniquecounter/uniquecounter.sty
Package: uniquecounter 2019/12/15 v1.4 Provide unlimited unique counter (HO)
)
Package uniquecounter Info: New unique counter `rerunfilecheck' on input line 2
86.
)
\Hy@SectionHShift=\skip76
) (/usr/local/texlive/2021/texmf-dist/tex/latex/tools/enumerate.sty
Package: enumerate 2015/07/23 v3.00 enumerate extensions (DPC)
\@enLab=\toks33
)
(/usr/local/texlive/2021/texmf-dist/tex/latex/enumitem/enumitem.sty
Package: enumitem 2019/06/20 v3.9 Customized lists
\labelindent=\skip77
\enit@outerparindent=\dimen178
\enit@toks=\toks34
\enit@inbox=\box55
\enit@count@id=\count300
\enitdp@description=\count301
)
(/usr/local/texlive/2021/texmf-dist/tex/latex/framed/framed.sty
Package: framed 2011/10/22 v 0.96: framed or shaded text with page breaks
\OuterFrameSep=\skip78
\fb@frw=\dimen179
\fb@frh=\dimen180
\FrameRule=\dimen181
\FrameSep=\dimen182
)
(/usr/local/texlive/2021/texmf-dist/tex/latex/lipsum/lipsum.sty
(/usr/local/texlive/2021/texmf-dist/tex/latex/l3kernel/expl3.sty
Package: expl3 2021-02-18 L3 programming layer (loader) 

(/usr/local/texlive/2021/texmf-dist/tex/latex/l3backend/l3backend-pdftex.def
File: l3backend-pdftex.def 2021-03-18 L3 backend support: PDF output (pdfTeX)
\l__color_backend_stack_int=\count302
\l__pdf_internal_box=\box56
))
(/usr/local/texlive/2021/texmf-dist/tex/latex/l3packages/xparse/xparse.sty
(/usr/local/texlive/2021/texmf-dist/tex/latex/l3packages/xparse/xparse-2020-10-
01.sty
(/usr/local/texlive/2021/texmf-dist/tex/latex/l3packages/xparse/xparse-generic.
tex)))
Package: lipsum 2021-03-03 v2.3 150 paragraphs of Lorem Ipsum dummy text
 (/usr/local/texlive/2021/texmf-dist/tex/latex/lipsum/lipsum.ltd.tex
File: lipsum.ltd.tex 2021-03-03 v2.3 The Lorem ipsum dummy text
))
(/usr/local/texlive/2021/texmf-dist/tex/latex/newpx/newpxtext.sty
Package: newpxtext 2017/08/18 v1.321

`newpxtext' v1.321, 2017/08/18 Text macros taking advantage of TeXGyre Pagella 
and its extensions (msharpe)
(/usr/local/texlive/2021/texmf-dist/tex/latex/fontaxes/fontaxes.sty
Package: fontaxes 2020/07/21 v1.0e Font selection axes
LaTeX Info: Redefining \upshape on input line 29.
LaTeX Info: Redefining \itshape on input line 31.
LaTeX Info: Redefining \slshape on input line 33.
LaTeX Info: Redefining \swshape on input line 35.
LaTeX Info: Redefining \scshape on input line 37.
LaTeX Info: Redefining \sscshape on input line 39.
LaTeX Info: Redefining \ulcshape on input line 41.
LaTeX Info: Redefining \textsw on input line 47.
LaTeX Info: Redefining \textssc on input line 48.
LaTeX Info: Redefining \textulc on input line 49.
)
(/usr/local/texlive/2021/texmf-dist/tex/latex/etoolbox/etoolbox.sty
Package: etoolbox 2020/10/05 v2.5k e-TeX tools for LaTeX (JAW)
\etb@tempcnta=\count303
)
(/usr/local/texlive/2021/texmf-dist/tex/latex/base/fontenc.sty
Package: fontenc 2020/08/10 v2.0s Standard LaTeX package
LaTeX Font Info:    Trying to load font information for T1+zpltlf on input line
 112.

(/usr/local/texlive/2021/texmf-dist/tex/latex/newpx/t1zpltlf.fd
File: t1zpltlf.fd 2015/01/17 v1.0 font definition file for T1/zpl/tlf
)
LaTeX Font Info:    Font shape `T1/zpltlf/m/n' will be
(Font)              scaled to size 12.0pt on input line 112.
))
(/usr/local/texlive/2021/texmf-dist/tex/latex/newpx/newpxmath.sty
Package: newpxmath 2020/11/02 v1.414

`newpxmath' v1.414, 2020/11/02 Math macros based on pxfonts (msharpe)
(/usr/local/texlive/2021/texmf-dist/tex/generic/kastrup/binhex.tex)
(/usr/local/texlive/2021/texmf-dist/tex/latex/oberdiek/centernot.sty
Package: centernot 2016/05/16 v1.4 Centers the not symbol horizontally (HO)
)
\px@tA=\toks35
\px@tB=\toks36
\px@su=\read2
\px@Isdigit=\count304
LaTeX Font Info:    Redeclaring symbol font `operators' on input line 197.
LaTeX Font Info:    Overwriting symbol font `operators' in version `normal'
(Font)                  OT1/cmr/m/n --> OT1/zpltlf/m/n on input line 197.
LaTeX Font Info:    Overwriting symbol font `operators' in version `bold'
(Font)                  OT1/cmr/bx/n --> OT1/zpltlf/m/n on input line 197.
LaTeX Font Info:    Overwriting symbol font `operators' in version `bold'
(Font)                  OT1/zpltlf/m/n --> OT1/zpltlf/b/n on input line 198.
LaTeX Font Info:    Redeclaring math alphabet \mathsf on input line 201.
LaTeX Font Info:    Overwriting math alphabet `\mathsf' in version `normal'
(Font)                  OT1/cmss/m/n --> T1/qhv/m/n on input line 201.
LaTeX Font Info:    Overwriting math alphabet `\mathsf' in version `bold'
(Font)                  OT1/cmss/bx/n --> T1/qhv/m/n on input line 201.
LaTeX Font Info:    Redeclaring math alphabet \mathit on input line 202.
LaTeX Font Info:    Overwriting math alphabet `\mathit' in version `normal'
(Font)                  OT1/cmr/m/it --> OT1/zpltlf/m/it on input line 202.
LaTeX Font Info:    Overwriting math alphabet `\mathit' in version `bold'
(Font)                  OT1/cmr/bx/it --> OT1/zpltlf/m/it on input line 202.
LaTeX Font Info:    Redeclaring math alphabet \mathtt on input line 203.
LaTeX Font Info:    Overwriting math alphabet `\mathtt' in version `normal'
(Font)                  OT1/cmtt/m/n --> T1/npxtt/m/n on input line 203.
LaTeX Font Info:    Overwriting math alphabet `\mathtt' in version `bold'
(Font)                  OT1/cmtt/m/n --> T1/npxtt/m/n on input line 203.
LaTeX Font Info:    Redeclaring math alphabet \mathbf on input line 205.
LaTeX Font Info:    Overwriting math alphabet `\mathbf' in version `normal'
(Font)                  OT1/cmr/bx/n --> OT1/zpltlf/b/n on input line 205.
LaTeX Font Info:    Overwriting math alphabet `\mathbf' in version `bold'
(Font)                  OT1/cmr/bx/n --> OT1/zpltlf/b/n on input line 205.
LaTeX Font Info:    Overwriting math alphabet `\mathit' in version `bold'
(Font)                  OT1/zpltlf/m/it --> OT1/zpltlf/b/it on input line 206.
LaTeX Font Info:    Overwriting math alphabet `\mathsf' in version `bold'
(Font)                  T1/qhv/m/n --> T1/qhv/b/n on input line 208.
LaTeX Font Info:    Overwriting math alphabet `\mathtt' in version `bold'
(Font)                  T1/npxtt/m/n --> T1/npxtt/b/n on input line 209.
LaTeX Font Info:    Redeclaring symbol font `letters' on input line 220.
LaTeX Font Info:    Overwriting symbol font `letters' in version `normal'
(Font)                  OML/cmm/m/it --> OML/npxmi/m/it on input line 220.
LaTeX Font Info:    Overwriting symbol font `letters' in version `bold'
(Font)                  OML/cmm/b/it --> OML/npxmi/m/it on input line 220.
LaTeX Font Info:    Overwriting symbol font `letters' in version `bold'
(Font)                  OML/npxmi/m/it --> OML/npxmi/b/it on input line 221.
\symlettersA=\mathgroup6
LaTeX Font Info:    Overwriting symbol font `lettersA' in version `bold'
(Font)                  U/npxmia/m/it --> U/npxmia/b/it on input line 239.
LaTeX Font Info:    Redeclaring math alphabet \mathfrak on input line 241.
Now handling font encoding LMS ...
... no UTF-8 mapping file for font encoding LMS
LaTeX Font Info:    Redeclaring symbol font `symbols' on input line 249.
LaTeX Font Info:    Encoding `OMS' has changed to `LMS' for symbol font
(Font)              `symbols' in the math version `normal' on input line 249.
LaTeX Font Info:    Overwriting symbol font `symbols' in version `normal'
(Font)                  OMS/cmsy/m/n --> LMS/npxsy/m/n on input line 249.
LaTeX Font Info:    Encoding `OMS' has changed to `LMS' for symbol font
(Font)              `symbols' in the math version `bold' on input line 249.
LaTeX Font Info:    Overwriting symbol font `symbols' in version `bold'
(Font)                  OMS/cmsy/b/n --> LMS/npxsy/m/n on input line 249.
LaTeX Font Info:    Overwriting symbol font `symbols' in version `bold'
(Font)                  LMS/npxsy/m/n --> LMS/npxsy/b/n on input line 250.
\symAMSm=\mathgroup7
LaTeX Font Info:    Overwriting symbol font `AMSm' in version `bold'
(Font)                  U/npxsym/m/n --> U/npxsym/b/n on input line 268.
\symsymbolsC=\mathgroup8
LaTeX Font Info:    Overwriting symbol font `symbolsC' in version `bold'
(Font)                  U/npxsyc/m/n --> U/npxsyc/b/n on input line 290.
Now handling font encoding LMX ...
... no UTF-8 mapping file for font encoding LMX
LaTeX Font Info:    Redeclaring symbol font `largesymbols' on input line 310.
LaTeX Font Info:    Encoding `OMX' has changed to `LMX' for symbol font
(Font)              `largesymbols' in the math version `normal' on input line 3
10.
LaTeX Font Info:    Overwriting symbol font `largesymbols' in version `normal'
(Font)                  OMX/cmex/m/n --> LMX/npxexx/m/n on input line 310.
LaTeX Font Info:    Encoding `OMX' has changed to `LMX' for symbol font
(Font)              `largesymbols' in the math version `bold' on input line 310
.
LaTeX Font Info:    Overwriting symbol font `largesymbols' in version `bold'
(Font)                  OMX/cmex/m/n --> LMX/npxexx/m/n on input line 310.
LaTeX Font Info:    Overwriting symbol font `largesymbols' in version `bold'
(Font)                  LMX/npxexx/m/n --> LMX/npxexx/b/n on input line 311.
\symlargesymbolsPXA=\mathgroup9
LaTeX Font Info:    Overwriting symbol font `largesymbolsPXA' in version `bold'

(Font)                  U/npxexa/m/n --> U/npxexa/b/n on input line 318.
\px@cntz=\count305
\px@IsAlNum=\count306
\px@sbptoks=\toks37
LaTeX Font Info:    Redeclaring math delimiter \lfloor on input line 473.
LaTeX Font Info:    Redeclaring math delimiter \rfloor on input line 474.
LaTeX Font Info:    Redeclaring math delimiter \lceil on input line 475.
LaTeX Font Info:    Redeclaring math delimiter \rceil on input line 476.
LaTeX Font Info:    Redeclaring math delimiter \lbrace on input line 477.
LaTeX Font Info:    Redeclaring math delimiter \rbrace on input line 478.
LaTeX Font Info:    Redeclaring math delimiter \langle on input line 479.
LaTeX Font Info:    Redeclaring math delimiter \rangle on input line 481.
LaTeX Font Info:    Redeclaring math delimiter \arrowvert on input line 485.
LaTeX Font Info:    Redeclaring math delimiter \vert on input line 486.
LaTeX Font Info:    Redeclaring math symbol \parallel on input line 487.
LaTeX Font Info:    Redeclaring math delimiter \Arrowvert on input line 488.
LaTeX Font Info:    Redeclaring math accent \grave on input line 528.
LaTeX Font Info:    Redeclaring math accent \acute on input line 529.
LaTeX Font Info:    Redeclaring math accent \hat on input line 530.
LaTeX Font Info:    Redeclaring math accent \tilde on input line 531.
LaTeX Font Info:    Redeclaring math accent \bar on input line 532.
LaTeX Font Info:    Redeclaring math accent \breve on input line 533.
LaTeX Font Info:    Redeclaring math accent \mathring on input line 534.
LaTeX Font Info:    Redeclaring math accent \check on input line 535.
LaTeX Font Info:    Redeclaring math accent \dot on input line 539.
LaTeX Font Info:    Redeclaring math accent \ddot on input line 540.
LaTeX Font Info:    Redeclaring math accent \vec on input line 1582.
\npx@numstart=\count307
\npx@UCstart=\count308
\npx@lcstart=\count309
\npx@tmpc=\count310
\npx@imath=\count311
\npx@jmath=\count312
LaTeX Info: Redefining \not on input line 2137.
LaTeX Info: Redefining \textsquare on input line 2152.
LaTeX Info: Redefining \openbox on input line 2154.
)
(/usr/local/texlive/2021/texmf-dist/tex/latex/geometry/geometry.sty
Package: geometry 2020/01/02 v5.9 Page Geometry

(/usr/local/texlive/2021/texmf-dist/tex/generic/iftex/ifvtex.sty
Package: ifvtex 2019/10/25 v1.7 ifvtex legacy package. Use iftex instead.
)
\Gm@cnth=\count313
\Gm@cntv=\count314
\c@Gm@tempcnt=\count315
\Gm@bindingoffset=\dimen183
\Gm@wd@mp=\dimen184
\Gm@odd@mp=\dimen185
\Gm@even@mp=\dimen186
\Gm@layoutwidth=\dimen187
\Gm@layoutheight=\dimen188
\Gm@layouthoffset=\dimen189
\Gm@layoutvoffset=\dimen190
\Gm@dimlist=\toks38
)
(/usr/local/texlive/2021/texmf-dist/tex/latex/footmisc/footmisc.sty
Package: footmisc 2011/06/06 v5.5b a miscellany of footnote facilities
\FN@temptoken=\toks39
\footnotemargin=\dimen191
\c@pp@next@reset=\count316
Package footmisc Info: Declaring symbol style bringhurst on input line 855.
Package footmisc Info: Declaring symbol style chicago on input line 863.
Package footmisc Info: Declaring symbol style wiley on input line 872.
Package footmisc Info: Declaring symbol style lamport-robust on input line 883.

Package footmisc Info: Declaring symbol style lamport* on input line 903.
Package footmisc Info: Declaring symbol style lamport*-robust on input line 924
.
)
Package hyperref Info: Option `colorlinks' set `true' on input line 48.

(/usr/local/texlive/2021/texmf-dist/tex/latex/titlesec/titlesec.sty
Package: titlesec 2019/10/16 v2.13 Sectioning titles
\ttl@box=\box57
\beforetitleunit=\skip79
\aftertitleunit=\skip80
\ttl@plus=\dimen192
\ttl@minus=\dimen193
\ttl@toksa=\toks40
\titlewidth=\dimen194
\titlewidthlast=\dimen195
\titlewidthfirst=\dimen196
)
(/usr/local/texlive/2021/texmf-dist/tex/latex/tocloft/tocloft.sty
Package: tocloft 2017/08/31 v2.3i parameterised ToC, etc., typesetting
Package tocloft Info: The document has section divisions on input line 51.
\cftparskip=\skip81
\cftbeforetoctitleskip=\skip82
\cftaftertoctitleskip=\skip83
\cftbeforepartskip=\skip84
\cftpartnumwidth=\skip85
\cftpartindent=\skip86
\cftbeforesecskip=\skip87
\cftsecindent=\skip88
\cftsecnumwidth=\skip89
\cftbeforesubsecskip=\skip90
\cftsubsecindent=\skip91
\cftsubsecnumwidth=\skip92
\cftbeforesubsubsecskip=\skip93
\cftsubsubsecindent=\skip94
\cftsubsubsecnumwidth=\skip95
\cftbeforeparaskip=\skip96
\cftparaindent=\skip97
\cftparanumwidth=\skip98
\cftbeforesubparaskip=\skip99
\cftsubparaindent=\skip100
\cftsubparanumwidth=\skip101
\cftbeforeloftitleskip=\skip102
\cftafterloftitleskip=\skip103
\cftbeforefigskip=\skip104
\cftfigindent=\skip105
\cftfignumwidth=\skip106
\cftbeforelottitleskip=\skip107
\cftafterlottitleskip=\skip108
\cftbeforetabskip=\skip109
\cfttabindent=\skip110
\cfttabnumwidth=\skip111
\cftbeforesubfigskip=\skip112
\cftsubfigindent=\skip113
\cftsubfignumwidth=\skip114
\cftbeforesubtabskip=\skip115
\cftsubtabindent=\skip116
\cftsubtabnumwidth=\skip117
)
(/usr/local/texlive/2021/texmf-dist/tex/latex/amsfonts/euscript.sty
Package: euscript 2009/06/22 v3.00 Euler Script fonts
LaTeX Font Info:    Overwriting math alphabet `\EuScript' in version `bold'
(Font)                  U/eus/m/n --> U/eus/b/n on input line 33.
)
\c@theorem=\count317
\c@exercise=\count318

(./Stochastic-Processes.aux)
\openout1 = `Stochastic-Processes.aux'.

LaTeX Font Info:    Checking defaults for OML/npxmi/m/it on input line 201.
LaTeX Font Info:    Trying to load font information for OML+npxmi on input line
 201.

(/usr/local/texlive/2021/texmf-dist/tex/latex/newpx/omlnpxmi.fd
File: omlnpxmi.fd 2013/03/21 Fontinst v1.933 font definitions for OML/npxmi.
)
LaTeX Font Info:    ... okay on input line 201.
LaTeX Font Info:    Checking defaults for OMS/cmsy/m/n on input line 201.
LaTeX Font Info:    ... okay on input line 201.
LaTeX Font Info:    Checking defaults for OT1/cmr/m/n on input line 201.
LaTeX Font Info:    ... okay on input line 201.
LaTeX Font Info:    Checking defaults for T1/cmr/m/n on input line 201.
LaTeX Font Info:    ... okay on input line 201.
LaTeX Font Info:    Checking defaults for TS1/cmr/m/n on input line 201.
LaTeX Font Info:    ... okay on input line 201.
LaTeX Font Info:    Checking defaults for OMX/cmex/m/n on input line 201.
LaTeX Font Info:    ... okay on input line 201.
LaTeX Font Info:    Checking defaults for U/npxexa/m/n on input line 201.
LaTeX Font Info:    Trying to load font information for U+npxexa on input line 
201.

(/usr/local/texlive/2021/texmf-dist/tex/latex/newpx/unpxexa.fd
File: unpxexa.fd 2013/03/24 Fontinst v1.933 font definitions for U/npxexa.
)
LaTeX Font Info:    ... okay on input line 201.
LaTeX Font Info:    Checking defaults for PD1/pdf/m/n on input line 201.
LaTeX Font Info:    ... okay on input line 201.
LaTeX Font Info:    Checking defaults for PU/pdf/m/n on input line 201.
LaTeX Font Info:    ... okay on input line 201.
LaTeX Font Info:    Checking defaults for LMS/npxsy/m/n on input line 201.
LaTeX Font Info:    Trying to load font information for LMS+npxsy on input line
 201.

(/usr/local/texlive/2021/texmf-dist/tex/latex/newpx/lmsnpxsy.fd
File: lmsnpxsy.fd 2016/07/04 Fontinst v1.933 font definitions for LMS/npxsy.
)
LaTeX Font Info:    ... okay on input line 201.
LaTeX Font Info:    Checking defaults for LMX/npxexx/m/n on input line 201.
LaTeX Font Info:    Trying to load font information for LMX+npxexx on input lin
e 201.

(/usr/local/texlive/2021/texmf-dist/tex/latex/newpx/lmxnpxexx.fd
File: lmxnpxexx.fd 2016/07/04 Fontinst v1.933 font definitions for LMX/npxexx.
)
LaTeX Font Info:    ... okay on input line 201.

(/usr/local/texlive/2021/texmf-dist/tex/context/base/mkii/supp-pdf.mkii
[Loading MPS to PDF converter (version 2006.09.02).]
\scratchcounter=\count319
\scratchdimen=\dimen197
\scratchbox=\box58
\nofMPsegments=\count320
\nofMParguments=\count321
\everyMPshowfont=\toks41
\MPscratchCnt=\count322
\MPscratchDim=\dimen198
\MPnumerator=\count323
\makeMPintoPDFobject=\count324
\everyMPtoPDFconversion=\toks42
) (/usr/local/texlive/2021/texmf-dist/tex/latex/epstopdf-pkg/epstopdf-base.sty
Package: epstopdf-base 2020-01-24 v2.11 Base part for package epstopdf

(/usr/local/texlive/2021/texmf-dist/tex/latex/grfext/grfext.sty
Package: grfext 2019/12/03 v1.3 Manage graphics extensions (HO)
)
Package epstopdf-base Info: Redefining graphics rule for `.eps' on input line 4
85.
Package grfext Info: Graphics extension search list:
(grfext)             [.pdf,.png,.jpg,.mps,.jpeg,.jbig2,.jb2,.PDF,.PNG,.JPG,.JPE
G,.JBIG2,.JB2,.eps]
(grfext)             \AppendGraphicsExtensions on input line 504.

(/usr/local/texlive/2021/texmf-dist/tex/latex/latexconfig/epstopdf-sys.cfg
File: epstopdf-sys.cfg 2010/07/13 v1.3 Configuration of (r)epstopdf for TeX Liv
e
))
Package caption Info: Begin \AtBeginDocument code.
Package caption Info: subfig package v1.3 is loaded.
Package caption Info: float package is loaded.
Package caption Info: hyperref package is loaded.
Package caption Info: listings package is loaded.
Package caption Info: End \AtBeginDocument code.
\c@lstlisting=\count325

(/usr/local/texlive/2021/texmf-dist/tex/latex/upquote/upquote.sty
Package: upquote 2012/04/19 v1.3 upright-quote and grave-accent glyphs in verba
tim
)
Package hyperref Info: Link coloring ON on input line 201.

(/usr/local/texlive/2021/texmf-dist/tex/latex/hyperref/nameref.sty
Package: nameref 2021-04-02 v2.47 Cross-referencing by name of section

(/usr/local/texlive/2021/texmf-dist/tex/latex/refcount/refcount.sty
Package: refcount 2019/12/15 v3.6 Data extraction from label references (HO)
)
(/usr/local/texlive/2021/texmf-dist/tex/generic/gettitlestring/gettitlestring.s
ty
Package: gettitlestring 2019/12/15 v1.6 Cleanup title references (HO)
)
\c@section@level=\count326
)
LaTeX Info: Redefining \ref on input line 201.
LaTeX Info: Redefining \pageref on input line 201.
LaTeX Info: Redefining \nameref on input line 201.
 (./Stochastic-Processes.out) (./Stochastic-Processes.out)
\@outlinefile=\write3
\openout3 = `Stochastic-Processes.out'.

\c@mv@tabular=\count327
\c@mv@boldtabular=\count328

*geometry* driver: auto-detecting
*geometry* detected driver: pdftex
*geometry* verbose mode - [ preamble ] result:
* driver: pdftex
* paper: letterpaper
* layout: <same size as paper>
* layoutoffset:(h,v)=(0.0pt,0.0pt)
* modes: 
* h-part:(L,W,R)=(72.26999pt, 469.75502pt, 72.26999pt)
* v-part:(T,H,B)=(72.26999pt, 657.65744pt, 65.04256pt)
* \paperwidth=614.295pt
* \paperheight=794.96999pt
* \textwidth=469.75502pt
* \textheight=657.65744pt
* \oddsidemargin=0.0pt
* \evensidemargin=0.0pt
* \topmargin=-26.45377pt
* \headheight=12.0pt
* \headsep=14.45377pt
* \topskip=12.0pt
* \footskip=25.29494pt
* \marginparwidth=44.0pt
* \marginparsep=10.0pt
* \columnsep=10.0pt
* \skip\footins=10.8pt plus 4.0pt minus 2.0pt
* \hoffset=0.0pt
* \voffset=0.0pt
* \mag=1000
* \@twocolumnfalse
* \@twosidefalse
* \@mparswitchfalse
* \@reversemarginfalse
* (1in=72.27pt=25.4mm, 1cm=28.453pt)

LaTeX Font Info:    Font shape `T1/zpltlf/m/n' will be
(Font)              scaled to size 20.74pt on input line 216.
LaTeX Font Info:    Font shape `T1/zpltlf/m/n' will be
(Font)              scaled to size 14.4pt on input line 216.
LaTeX Font Info:    Trying to load font information for OT1+zpltlf on input lin
e 216.
(/usr/local/texlive/2021/texmf-dist/tex/latex/newpx/ot1zpltlf.fd
File: ot1zpltlf.fd 2015/01/17 v1.0 font definition file for OT1/zpl/tlf
)
LaTeX Font Info:    Font shape `OT1/zpltlf/m/n' will be
(Font)              scaled to size 14.4pt on input line 216.
LaTeX Font Info:    Font shape `OT1/zpltlf/m/n' will be
(Font)              scaled to size 10.5pt on input line 216.
LaTeX Font Info:    Font shape `OT1/zpltlf/m/n' will be
(Font)              scaled to size 7.9pt on input line 216.
LaTeX Font Info:    Trying to load font information for U+msa on input line 216
.

(/usr/local/texlive/2021/texmf-dist/tex/latex/amsfonts/umsa.fd
File: umsa.fd 2013/01/14 v3.01 AMS symbols A
)
LaTeX Font Info:    Trying to load font information for U+msb on input line 216
.

(/usr/local/texlive/2021/texmf-dist/tex/latex/amsfonts/umsb.fd
File: umsb.fd 2013/01/14 v3.01 AMS symbols B
)
LaTeX Font Info:    Trying to load font information for U+npxmia on input line 
216.

(/usr/local/texlive/2021/texmf-dist/tex/latex/newpx/unpxmia.fd
File: unpxmia.fd 2013/03/24 Fontinst v1.933 font definitions for U/npxmia.
)
LaTeX Font Info:    Trying to load font information for U+npxsym on input line 
216.

(/usr/local/texlive/2021/texmf-dist/tex/latex/newpx/unpxsym.fd
File: unpxsym.fd 2015/03/21 Fontinst v1.933 font definitions for U/npxsym.
)
LaTeX Font Info:    Trying to load font information for U+npxsyc on input line 
216.

(/usr/local/texlive/2021/texmf-dist/tex/latex/newpx/unpxsyc.fd
File: unpxsyc.fd 2013/03/24 Fontinst v1.933 font definitions for U/npxsyc.
)
LaTeX Font Info:    Font shape `T1/zpltlf/b/n' will be
(Font)              scaled to size 14.4pt on input line 216.

(./Stochastic-Processes.toc
LaTeX Font Info:    Font shape `T1/zpltlf/b/n' will be
(Font)              scaled to size 12.0pt on input line 1.
LaTeX Font Info:    Font shape `OT1/zpltlf/m/n' will be
(Font)              scaled to size 12.0pt on input line 1.
LaTeX Font Info:    Font shape `OT1/zpltlf/m/n' will be
(Font)              scaled to size 8.8pt on input line 1.
LaTeX Font Info:    Font shape `OT1/zpltlf/m/n' will be
(Font)              scaled to size 6.6pt on input line 1.
)
\tf@toc=\write4
\openout4 = `Stochastic-Processes.toc'.

 [1

{/usr/local/texlive/2021/texmf-var/fonts/map/pdftex/updmap/pdftex.map}]
LaTeX Font Info:    Font shape `T1/zpltlf/m/n' will be
(Font)              scaled to size 10.95pt on input line 225.
LaTeX Font Info:    Font shape `T1/zpltlf/m/it' will be
(Font)              scaled to size 10.95pt on input line 225.


Package fancyhdr Warning: \headheight is too small (12.0pt): 
(fancyhdr)                Make it at least 14.49998pt, for example:
(fancyhdr)                \setlength{\headheight}{14.49998pt}.
(fancyhdr)                You might also make \topmargin smaller to compensate:

(fancyhdr)                \addtolength{\topmargin}{-2.49998pt}.

[2]
LaTeX Font Info:    Font shape `T1/zpltlf/b/n' will be
(Font)              scaled to size 19.0pt on input line 227.
Package textcomp Info: Symbol \textreferencemark not provided by
(textcomp)             font family zpltlf in TS1 encoding.
(textcomp)             Default family used instead on input line 227.


LaTeX Font Warning: Font shape `T1/cmr/b/n' in size <19> not available
(Font)              size <17.28> substituted on input line 227.


LaTeX Font Warning: Font shape `TS1/cmr/b/n' in size <19> not available
(Font)              size <17.28> substituted on input line 227.

LaTeX Font Info:    Font shape `T1/zpltlf/m/it' will be
(Font)              scaled to size 12.0pt on input line 250.

Package fancyhdr Warning: \headheight is too small (12.0pt): 
(fancyhdr)                Make it at least 14.49998pt, for example:
(fancyhdr)                \setlength{\headheight}{14.49998pt}.
(fancyhdr)                You might also make \topmargin smaller to compensate:

(fancyhdr)                \addtolength{\topmargin}{-2.49998pt}.

[3]

Package fancyhdr Warning: \headheight is too small (12.0pt): 
(fancyhdr)                Make it at least 14.49998pt, for example:
(fancyhdr)                \setlength{\headheight}{14.49998pt}.
(fancyhdr)                You might also make \topmargin smaller to compensate:

(fancyhdr)                \addtolength{\topmargin}{-2.49998pt}.

[4]

Package fancyhdr Warning: \headheight is too small (12.0pt): 
(fancyhdr)                Make it at least 14.49998pt, for example:
(fancyhdr)                \setlength{\headheight}{14.49998pt}.
(fancyhdr)                You might also make \topmargin smaller to compensate:

(fancyhdr)                \addtolength{\topmargin}{-2.49998pt}.

[5]

Package fancyhdr Warning: \headheight is too small (12.0pt): 
(fancyhdr)                Make it at least 14.49998pt, for example:
(fancyhdr)                \setlength{\headheight}{14.49998pt}.
(fancyhdr)                You might also make \topmargin smaller to compensate:

(fancyhdr)                \addtolength{\topmargin}{-2.49998pt}.

[6]
LaTeX Font Info:    Font shape `T1/zpltlf/m/n' will be
(Font)              scaled to size 8.8pt on input line 357.
LaTeX Font Info:    Font shape `T1/zpltlf/m/n' will be
(Font)              scaled to size 6.6pt on input line 357.


Package fancyhdr Warning: \headheight is too small (12.0pt): 
(fancyhdr)                Make it at least 14.49998pt, for example:
(fancyhdr)                \setlength{\headheight}{14.49998pt}.
(fancyhdr)                You might also make \topmargin smaller to compensate:

(fancyhdr)                \addtolength{\topmargin}{-2.49998pt}.

[7]

Package fancyhdr Warning: \headheight is too small (12.0pt): 
(fancyhdr)                Make it at least 14.49998pt, for example:
(fancyhdr)                \setlength{\headheight}{14.49998pt}.
(fancyhdr)                You might also make \topmargin smaller to compensate:

(fancyhdr)                \addtolength{\topmargin}{-2.49998pt}.

[8]
Package textcomp Info: Symbol \textreferencemark not provided by
(textcomp)             font family zpltlf in TS1 encoding.
(textcomp)             Default family used instead on input line 419.
LaTeX Font Info:    Trying to load font information for T1+zplsups on input lin
e 423.
 (/usr/local/texlive/2021/texmf-dist/tex/latex/newpx/t1zplsups.fd
File: t1zplsups.fd 2015/01/17 v1.0
)
LaTeX Font Info:    Font shape `T1/zplsups/m/n' will be
(Font)              scaled to size 12.0pt on input line 423.
LaTeX Font Info:    Font shape `T1/zpltlf/m/n' will be
(Font)              scaled to size 10.0pt on input line 423.
LaTeX Font Info:    Font shape `T1/zplsups/m/n' will be
(Font)              scaled to size 10.0pt on input line 423.


Package fancyhdr Warning: \headheight is too small (12.0pt): 
(fancyhdr)                Make it at least 14.49998pt, for example:
(fancyhdr)                \setlength{\headheight}{14.49998pt}.
(fancyhdr)                You might also make \topmargin smaller to compensate:

(fancyhdr)                \addtolength{\topmargin}{-2.49998pt}.

[9]

Package fancyhdr Warning: \headheight is too small (12.0pt): 
(fancyhdr)                Make it at least 14.49998pt, for example:
(fancyhdr)                \setlength{\headheight}{14.49998pt}.
(fancyhdr)                You might also make \topmargin smaller to compensate:

(fancyhdr)                \addtolength{\topmargin}{-2.49998pt}.

[10]

Package fancyhdr Warning: \headheight is too small (12.0pt): 
(fancyhdr)                Make it at least 14.49998pt, for example:
(fancyhdr)                \setlength{\headheight}{14.49998pt}.
(fancyhdr)                You might also make \topmargin smaller to compensate:

(fancyhdr)                \addtolength{\topmargin}{-2.49998pt}.

[11]
Overfull \hbox (33.91402pt too wide) in paragraph at lines 481--482
\LMS/npxsy/m/n/12 ¹\OML/npxmi/m/it/12 H; T; T; H; T; H; T; T; T; T; []\LMS/npxs
y/m/n/12 º \U/npxmia/m/it/12 = \OML/npxmi/m/it/12 HTTHTHTTTT []$\T1/zpltlf/m/n/
12 , the se-quence is $\LMS/npxsy/m/n/12 ¹\OT1/zpltlf/m/n/12 0\OML/npxmi/m/it/1
2 ; \OT1/zpltlf/m/n/12 1\OML/npxmi/m/it/12 ; \OT1/zpltlf/m/n/12 2\OML/npxmi/m/i
t/12 ; \OT1/zpltlf/m/n/12 2\OML/npxmi/m/it/12 ; \OT1/zpltlf/m/n/12 3\OML/npxmi/
m/it/12 ; \OT1/zpltlf/m/n/12 3\OML/npxmi/m/it/12 ; \OT1/zpltlf/m/n/12 4\OML/npx
mi/m/it/12 ; \OT1/zpltlf/m/n/12 5\OML/npxmi/m/it/12 ; \OT1/zpltlf/m/n/12 6\OML/
npxmi/m/it/12 ; \OT1/zpltlf/m/n/12 7 []\LMS/npxsy/m/n/12 º$\T1/zpltlf/m/n/12 . 

 []


Package fancyhdr Warning: \headheight is too small (12.0pt): 
(fancyhdr)                Make it at least 14.49998pt, for example:
(fancyhdr)                \setlength{\headheight}{14.49998pt}.
(fancyhdr)                You might also make \topmargin smaller to compensate:

(fancyhdr)                \addtolength{\topmargin}{-2.49998pt}.

[12]

Package fancyhdr Warning: \headheight is too small (12.0pt): 
(fancyhdr)                Make it at least 14.49998pt, for example:
(fancyhdr)                \setlength{\headheight}{14.49998pt}.
(fancyhdr)                You might also make \topmargin smaller to compensate:

(fancyhdr)                \addtolength{\topmargin}{-2.49998pt}.

[13]

Package fancyhdr Warning: \headheight is too small (12.0pt): 
(fancyhdr)                Make it at least 14.49998pt, for example:
(fancyhdr)                \setlength{\headheight}{14.49998pt}.
(fancyhdr)                You might also make \topmargin smaller to compensate:

(fancyhdr)                \addtolength{\topmargin}{-2.49998pt}.

[14]
Package textcomp Info: Symbol \textreferencemark not provided by
(textcomp)             font family zpltlf in TS1 encoding.
(textcomp)             Default family used instead on input line 518.
LaTeX Font Info:    Font shape `OT1/zpltlf/m/n' will be
(Font)              scaled to size 10.0pt on input line 521.
LaTeX Font Info:    Font shape `OT1/zpltlf/m/n' will be
(Font)              scaled to size 7.3pt on input line 521.
LaTeX Font Info:    Font shape `OT1/zpltlf/m/n' will be
(Font)              scaled to size 5.5pt on input line 521.


Package fancyhdr Warning: \headheight is too small (12.0pt): 
(fancyhdr)                Make it at least 14.49998pt, for example:
(fancyhdr)                \setlength{\headheight}{14.49998pt}.
(fancyhdr)                You might also make \topmargin smaller to compensate:

(fancyhdr)                \addtolength{\topmargin}{-2.49998pt}.

[15]

Package fancyhdr Warning: \headheight is too small (12.0pt): 
(fancyhdr)                Make it at least 14.49998pt, for example:
(fancyhdr)                \setlength{\headheight}{14.49998pt}.
(fancyhdr)                You might also make \topmargin smaller to compensate:

(fancyhdr)                \addtolength{\topmargin}{-2.49998pt}.

[16]
Package textcomp Info: Symbol \textreferencemark not provided by
(textcomp)             font family zpltlf in TS1 encoding.
(textcomp)             Default family used instead on input line 567.
LaTeX Font Info:    Font shape `OT1/zpltlf/m/n' will be
(Font)              scaled to size 10.95pt on input line 604.
LaTeX Font Info:    Font shape `OT1/zpltlf/m/n' will be
(Font)              scaled to size 8.0pt on input line 604.
LaTeX Font Info:    Font shape `OT1/zpltlf/m/n' will be
(Font)              scaled to size 6.1pt on input line 604.
LaTeX Font Info:    Font shape `T1/zpltlf/m/n' will be
(Font)              scaled to size 8.0pt on input line 610.
LaTeX Font Info:    Font shape `T1/zpltlf/m/n' will be
(Font)              scaled to size 6.1pt on input line 610.

Overfull \hbox (47.51726pt too wide) detected at line 610
[]
 []


Package fancyhdr Warning: \headheight is too small (12.0pt): 
(fancyhdr)                Make it at least 14.49998pt, for example:
(fancyhdr)                \setlength{\headheight}{14.49998pt}.
(fancyhdr)                You might also make \topmargin smaller to compensate:

(fancyhdr)                \addtolength{\topmargin}{-2.49998pt}.

[17]

Package fancyhdr Warning: \headheight is too small (12.0pt): 
(fancyhdr)                Make it at least 14.49998pt, for example:
(fancyhdr)                \setlength{\headheight}{14.49998pt}.
(fancyhdr)                You might also make \topmargin smaller to compensate:

(fancyhdr)                \addtolength{\topmargin}{-2.49998pt}.

[18]

LaTeX Warning: No positions in optional float specifier.
               Default added (so using `tbp') on input line 645.

LaTeX Font Info:    Font shape `T1/zpltlf/b/n' will be
(Font)              scaled to size 10.95pt on input line 649.

Overfull \hbox (56.67395pt too wide) in paragraph at lines 647--656
[][] 
 []

LaTeX Font Info:    Font shape `T1/zpltlf/m/it' will be
(Font)              scaled to size 10.0pt on input line 656.

Overfull \hbox (38.22163pt too wide) detected at line 664
\OML/npxmi/m/it/10.95 f\LMS/npxsy/m/n/10.95 ¹\OML/npxmi/m/it/10.95 x[]; x[]; []
 ; x[]\LMS/npxsy/m/n/10.95 º \OML/npxmi/m/it/10.95 dx[] dx[]  [] dx[] \U/npxmia
/m/it/10.95 = []\LMS/npxsy/m/n/10.95 f\OML/npxmi/m/it/10.95 x[] < X[] \LMS/npxs
y/m/n/10.95 ^^T \OML/npxmi/m/it/10.95 x[] \LMS/npxsy/m/n/10.95 Ï \OML/npxmi/m/i
t/10.95 dx[]; x[] < X[] \LMS/npxsy/m/n/10.95 ^^T \OML/npxmi/m/it/10.95 x[] \LMS
/npxsy/m/n/10.95 Ï \OML/npxmi/m/it/10.95 dx[]; [] ; x[] < X[] \LMS/npxsy/m/n/10
.95 ^^T \OML/npxmi/m/it/10.95 x[] \LMS/npxsy/m/n/10.95 Ï \OML/npxmi/m/it/10.95 
dx[]\LMS/npxsy/m/n/10.95 g\OML/npxmi/m/it/10.95 :
 []


Package fancyhdr Warning: \headheight is too small (12.0pt): 
(fancyhdr)                Make it at least 14.49998pt, for example:
(fancyhdr)                \setlength{\headheight}{14.49998pt}.
(fancyhdr)                You might also make \topmargin smaller to compensate:

(fancyhdr)                \addtolength{\topmargin}{-2.49998pt}.

[19]

Package fancyhdr Warning: \headheight is too small (12.0pt): 
(fancyhdr)                Make it at least 14.49998pt, for example:
(fancyhdr)                \setlength{\headheight}{14.49998pt}.
(fancyhdr)                You might also make \topmargin smaller to compensate:

(fancyhdr)                \addtolength{\topmargin}{-2.49998pt}.

[20]
Overfull \hbox (21.78658pt too wide) detected at line 728
[]
 []


Package fancyhdr Warning: \headheight is too small (12.0pt): 
(fancyhdr)                Make it at least 14.49998pt, for example:
(fancyhdr)                \setlength{\headheight}{14.49998pt}.
(fancyhdr)                You might also make \topmargin smaller to compensate:

(fancyhdr)                \addtolength{\topmargin}{-2.49998pt}.

[21]

Package fancyhdr Warning: \headheight is too small (12.0pt): 
(fancyhdr)                Make it at least 14.49998pt, for example:
(fancyhdr)                \setlength{\headheight}{14.49998pt}.
(fancyhdr)                You might also make \topmargin smaller to compensate:

(fancyhdr)                \addtolength{\topmargin}{-2.49998pt}.

[22]

LaTeX Warning: Citation `SR05' on page 23 undefined on input line 776.


Package fancyhdr Warning: \headheight is too small (12.0pt): 
(fancyhdr)                Make it at least 14.49998pt, for example:
(fancyhdr)                \setlength{\headheight}{14.49998pt}.
(fancyhdr)                You might also make \topmargin smaller to compensate:

(fancyhdr)                \addtolength{\topmargin}{-2.49998pt}.

[23]
Package textcomp Info: Symbol \textreferencemark not provided by
(textcomp)             font family zpltlf in TS1 encoding.
(textcomp)             Default family used instead on input line 795.
Package textcomp Info: Symbol \textreferencemark not provided by
(textcomp)             font family zpltlf in TS1 encoding.
(textcomp)             Default family used instead on input line 799.
LaTeX Font Info:    Trying to load font information for T1+npxtt on input line 
804.
 (/usr/local/texlive/2021/texmf-dist/tex/latex/newpx/t1npxtt.fd
File: t1npxtt.fd 2000/12/14 v1.0
)
LaTeX Font Info:    Font shape `T1/npxtt/m/n' will be
(Font)              scaled to size 12.0pt on input line 804.


Package fancyhdr Warning: \headheight is too small (12.0pt): 
(fancyhdr)                Make it at least 14.49998pt, for example:
(fancyhdr)                \setlength{\headheight}{14.49998pt}.
(fancyhdr)                You might also make \topmargin smaller to compensate:

(fancyhdr)                \addtolength{\topmargin}{-2.49998pt}.

[24] (./Stochastic-Processes.aux)

LaTeX Font Warning: Size substitutions with differences
(Font)              up to 1.72pt have occurred.


LaTeX Warning: There were undefined references.

Package rerunfilecheck Info: File `Stochastic-Processes.out' has not changed.
(rerunfilecheck)             Checksum: 49C1FA87D68AB84C410E273FE0DA7E10;1747.
 ) 
Here is how much of TeX's memory you used:
 17751 strings out of 478994
 262790 string characters out of 5858184
 711004 words of memory out of 5000000
 34744 multiletter control sequences out of 15000+600000
 517448 words of font info for 211 fonts, out of 8000000 for 9000
 1141 hyphenation exceptions out of 8191
 71i,13n,79p,1051b,642s stack positions out of 5000i,500n,10000p,200000b,80000s
pdfTeX warning (dest): name{Hfootnote.2} has been referenced but does not exi
st, replaced by a fixed one

pdfTeX warning (dest): name{Hfootnote.1} has been referenced but does not exist
, replaced by a fixed one

{/usr/local/texlive/2021/texmf-dist/fonts/enc/dvips/newpx/npxsups_t1.enc}{/usr/
local/texlive/2021/texmf-dist/fonts/enc/dvips/newtx/ntx-ot1-tlf.enc}{/usr/local
/texlive/2021/texmf-dist/fonts/enc/dvips/cm-super/cm-super-ts1.enc}{/usr/local/
texlive/2021/texmf-dist/fonts/enc/dvips/newtx/ntx-ec-tlf.enc}</usr/local/texliv
e/2021/texmf-dist/fonts/type1/public/newpx/NewPXMI.pfb></usr/local/texlive/2021
/texmf-dist/fonts/type1/public/newpx/NewPXMI_gnu.pfb></usr/local/texlive/2021/t
exmf-dist/fonts/type1/public/newpx/npxsups-Regular.pfb></usr/local/texlive/2021
/texmf-dist/fonts/type1/public/newpx/pxmiaX.pfb></usr/local/texlive/2021/texmf-
dist/fonts/type1/public/newpx/pxsys.pfb></usr/local/texlive/2021/texmf-dist/fon
ts/type1/public/cm-super/sfrb1728.pfb></usr/local/texlive/2021/texmf-dist/fonts
/type1/public/txfonts/t1xtt.pfb></usr/local/texlive/2021/texmf-dist/fonts/type1
/public/newtx/txexs.pfb></usr/local/texlive/2021/texmf-dist/fonts/type1/public/
txfonts/txsya.pfb></usr/local/texlive/2021/texmf-dist/fonts/type1/public/txfont
s/txsyb.pfb></usr/local/texlive/2021/texmf-dist/fonts/type1/public/newpx/zplb.p
fb></usr/local/texlive/2021/texmf-dist/fonts/type1/public/newpx/zplr.pfb></usr/
local/texlive/2021/texmf-dist/fonts/type1/public/newpx/zplri.pfb>
Output written on Stochastic-Processes.pdf (24 pages, 205630 bytes).
PDF statistics:
 373 PDF objects out of 1000 (max. 8388607)
 330 compressed objects within 4 object streams
 121 named destinations out of 1000 (max. 500000)
 81 words of extra memory for PDF output out of 10000 (max. 10000000)

